<?xml version="1.0" encoding="UTF-8"?>
<!-- Generated by org.testng.reporters.JUnitReportReporter -->
<testsuite hostname="NahidaHpLaptop" failures="0" tests="4" name="com.amfam.selenium.AmFamTest" time="22.688" errors="0" timestamp="2022-08-03T00:45:31 EDT" skipped="0">
  <testcase classname="com.amfam.selenium.AmFamTest" name="homePage" time="10.800"/>
  <system-out/>
  <testcase classname="com.amfam.selenium.AmFamTest" name="policyHolderDetailsYou" time="7.033"/>
  <system-out/>
  <testcase classname="com.amfam.selenium.AmFamTest" name="policyHolderDetailsDriver" time="4.605"/>
  <system-out/>
  <testcase classname="com.amfam.selenium.AmFamTest" name="tearUp" time="0.250"/>
  <system-out/>
</testsuite> <!-- com.amfam.selenium.AmFamTest -->
