<?xml version="1.0" encoding="UTF-8"?>
<!-- Generated by org.testng.reporters.JUnitReportReporter -->
<testsuite hostname="NahidaHpLaptop" failures="0" tests="1" name="com.amfam.selenium.AmFamTest" time="8.939" errors="0" timestamp="2022-08-02T18:51:29 EDT" skipped="0">
  <testcase classname="com.amfam.selenium.AmFamTest" name="seleniumTest" time="8.939"/>
  <system-out/>
</testsuite> <!-- com.amfam.selenium.AmFamTest -->
