<?xml version="1.0" encoding="UTF-8"?>
<!-- Generated by org.testng.reporters.JUnitReportReporter -->
<testsuite hostname="NahidaHpLaptop" failures="0" tests="2" name="com.amfam.selenium.AmFamTest" time="18.165" errors="0" timestamp="2022-08-02T22:35:33 EDT" skipped="0">
  <testcase classname="com.amfam.selenium.AmFamTest" name="homePage" time="11.062"/>
  <system-out/>
  <testcase classname="com.amfam.selenium.AmFamTest" name="policyHolderDetailsYou" time="7.103"/>
  <system-out/>
</testsuite> <!-- com.amfam.selenium.AmFamTest -->
